Build started 05/01/2014 18:38:37.
     1>Project "C:\Users\Stephane\Documents\Visual Studio 2010\Projects\gomoku\totoku\gomoku\gomoku.vcxproj" on node 2 (build target(s)).
     1>InitializeBuildStatus:
         Creating "Release\gomoku.unsuccessfulbuild" because "AlwaysCreate" was specified.
       ClCompile:
         C:\Program Files (x86)\Microsoft Visual Studio 10.0\VC\bin\CL.exe /c /I"C:\Users\Stephane\Documents\Visual Studio 2010\Projects\gomoku\totoku\gomoku\\include\\" /Zi /nologo /W3 /WX- /O2 /Oi /Oy- /GL /D _MBCS /Gm- /EHsc /MD /GS /Gy /fp:precise /Zc:wchar_t /Zc:forScope /Fo"Release\\" /Fd"Release\vc100.pdb" /Gd /TP /analyze- /errorReport:prompt src\gomoku.cpp
         gomoku.cpp
       Link:
         C:\Program Files (x86)\Microsoft Visual Studio 10.0\VC\bin\link.exe /ERRORREPORT:PROMPT /OUT:"C:\Users\Stephane\Documents\Visual Studio 2010\Projects\gomoku\totoku\Release\gomoku.exe" /NOLOGO /LIBPATH:"C:\Users\Stephane\Documents\Visual Studio 2010\Projects\gomoku\totoku\gomoku\\lib\\" SDLmain.lib SDL.lib SDL_ttf.lib SDL_image.lib kernel32.lib user32.lib gdi32.lib winspool.lib comdlg32.lib advapi32.lib shell32.lib ole32.lib oleaut32.lib uuid.lib odbc32.lib odbccp32.lib /MANIFEST /ManifestFile:"Release\gomoku.exe.intermediate.manifest" /MANIFESTUAC:"level='asInvoker' uiAccess='false'" /DEBUG /PDB:"C:\Users\Stephane\Documents\Visual Studio 2010\Projects\gomoku\totoku\Release\gomoku.pdb" /SUBSYSTEM:CONSOLE /OPT:REF /OPT:ICF /LTCG /TLBID:1 /DYNAMICBASE /NXCOMPAT /IMPLIB:"C:\Users\Stephane\Documents\Visual Studio 2010\Projects\gomoku\totoku\Release\gomoku.lib" /MACHINE:X86 Release\gomoku.obj
         Release\main.obj
         Release\ia.obj
         Release\player.obj
         Release\players.obj
         Generating code
         Finished generating code
         gomoku.vcxproj -> C:\Users\Stephane\Documents\Visual Studio 2010\Projects\gomoku\totoku\Release\gomoku.exe
       Manifest:
         C:\Program Files (x86)\Microsoft SDKs\Windows\v7.0A\bin\mt.exe /nologo /verbose /outputresource:"C:\Users\Stephane\Documents\Visual Studio 2010\Projects\gomoku\totoku\Release\gomoku.exe;#1" /manifest Release\gomoku.exe.intermediate.manifest
       FinalizeBuildStatus:
         Deleting file "Release\gomoku.unsuccessfulbuild".
         Touching "Release\gomoku.lastbuildstate".
     1>Done Building Project "C:\Users\Stephane\Documents\Visual Studio 2010\Projects\gomoku\totoku\gomoku\gomoku.vcxproj" (build target(s)).

Build succeeded.

Time Elapsed 00:00:01.38
